[2020-01-06 09:02:47:893736] info 0 Job1 *************************解密服务开始*************************
[2020-01-06 09:02:49:032046] info 0 Job1 解析F02_TFLSLJ数据开始
[2020-01-06 09:02:50:939055] info 0 Job1 解析F02_TFLSLJ数据结束，此次解析到时间2019-12-28 11:11:31.883
[2020-01-06 09:02:50:939748] info 0 Job1 解析F02_TFYBLJ数据开始
[2020-01-06 09:02:51:310595] info 0 Job1 解析F02_TFYBLJ数据结束，此次解析到时间2019-12-28 23:02:48.093
[2020-01-06 09:05:26:166003] info 0 Job1 *************************解密服务结束*************************
[2020-01-06 09:05:45:413246] info 0 Job1 *************************解密服务开始*************************
[2020-01-06 09:05:45:517491] info 0 Job1 解析F02_TFLSLJ数据开始
[2020-01-06 09:05:47:989628] info 0 Job1 解析F02_TFLSLJ数据结束，此次解析到时间2019-12-28 11:11:31.883
[2020-01-06 09:05:47:990600] info 0 Job1 解析F02_TFYBLJ数据开始
[2020-01-06 09:05:53:374203] info 0 Job1 解析F02_TFYBLJ数据结束，此次解析到时间2019-12-28 23:02:48.093
[2020-01-06 09:06:00:530355] info 0 Job1 *************************解密服务结束*************************
[2020-01-06 09:07:21:093534] info 0 Job1 *************************解密服务开始*************************
[2020-01-06 09:08:22:179248] info 0 Job1 *************************解密服务开始*************************
[2020-01-06 09:08:33:425868] info 0 Job1 *************************解密服务开始*************************
[2020-01-06 09:08:49:524967] info 0 Job1 *************************解密服务开始*************************
[2020-01-06 09:09:32:560699] info 0 Job1 *************************解密服务开始*************************
[2020-01-06 09:10:27:696091] info 0 Job1 解析F02_TFLSLJ数据开始
[2020-01-06 09:14:03:590614] info 0 Job1 解析F02_TFLSLJ数据结束，此次解析到时间2019-12-28 11:11:31.883
[2020-01-06 09:14:03:592739] info 0 Job1 解析F02_TFYBLJ数据开始
[2020-01-06 09:14:14:058964] info 0 Job1 解析F02_TFYBLJ数据结束，此次解析到时间2019-12-28 23:02:48.093
[2020-01-06 09:14:19:354261] info 0 Job1 *************************解密服务结束*************************
[2020-01-06 09:16:37:381178] info 0 Job1 *************************解密服务开始*************************
[2020-01-06 09:37:13:818265] info 0 Job1 *************************解密服务开始*************************
[2020-01-06 09:37:14:005714] info 0 Job1 解析F02_TFLSLJ数据开始，此次解析开始时间1945/7/5 12:00:00
[2020-01-06 09:37:25:947730] info 0 Job1 解析F02_TFLSLJ数据结束，此次解析直到时间2019-12-28 11:11:31.883
[2020-01-06 09:37:25:948576] info 0 Job1 解析F02_TFYBLJ数据开始，此次解析开始时间2004/4/8 8:00:00
[2020-01-06 09:37:35:724856] info 0 Job1 解析F02_TFYBLJ数据结束，此次解析直到时间2019-12-28 23:02:48.093
[2020-01-06 09:38:59:254081] info 0 Job1 *************************解密服务结束*************************
[2020-01-06 09:39:10:276878] info 0 Job1 *************************解密服务开始*************************
[2020-01-06 09:39:10:366624] info 0 Job1 解析F02_TFLSLJ数据开始，此次解析开始时间2019/12/28 11:11:31
[2020-01-06 09:39:12:873504] info 0 Job1 解析F02_TFLSLJ数据结束，此次解析直到时间2019-12-28 11:11:31.883
[2020-01-06 09:39:12:874299] info 0 Job1 解析F02_TFYBLJ数据开始，此次解析开始时间2019/12/28 23:02:48
[2020-01-06 09:39:13:255079] info 0 Job1 解析F02_TFYBLJ数据结束，此次解析直到时间2019-12-28 23:02:48.093
[2020-01-06 09:39:14:811881] info 0 Job1 *************************解密服务结束*************************
[2020-01-06 09:39:35:260807] info 0 Job1 *************************解密服务开始*************************
[2020-01-06 09:39:35:455715] info 0 Job1 解析F02_TFLSLJ数据开始，此次解析开始时间2019/12/28 11:11:31
[2020-01-06 09:39:38:736018] info 0 Job1 解析F02_TFLSLJ数据结束，此次解析直到时间2019-12-28 11:11:31.883
[2020-01-06 09:39:38:736787] info 0 Job1 解析F02_TFYBLJ数据开始，此次解析开始时间2019/12/28 23:02:48
[2020-01-06 09:39:39:123067] info 0 Job1 解析F02_TFYBLJ数据结束，此次解析直到时间2019-12-28 23:02:48.093
[2020-01-06 09:39:39:962354] info 0 Job1 *************************解密服务结束*************************
[2020-01-06 09:40:32:852460] info 0 Job1 *************************解密服务开始*************************
[2020-01-06 09:44:00:910056] info 0 Job1 *************************解密服务开始*************************
[2020-01-06 09:44:22:171104] warn 0 Job1 这里是readConfig方法，出错误的原因是Could not find file 'E:\开发目录\33浙江省\03温州\数据解密服务\4_系统源码\2_源代码\IStrong.EC.Scheduler.DecryptionService\IStrong.EC.Scheduler.DecryptionService\Config\updateTime.txt;'.
[2020-01-06 09:44:22:197342] info 0 Job1 解析F02_TFLSLJ数据开始，此次解析开始时间0001/1/1 0:00:00
[2020-01-06 09:44:39:570299] info 0 Job1 *************************解密服务开始*************************
[2020-01-06 09:46:43:301827] info 0 Job1 *************************解密服务开始*************************
[2020-01-06 09:47:24:519506] info 0 Job1 *************************解密服务开始*************************
[2020-01-06 09:47:35:695199] info 0 Job1 解析F02_TFLSLJ数据开始，此次解析开始时间1945/7/5 12:00:00
[2020-01-06 09:47:58:597059] info 0 Job1 解析F02_TFLSLJ数据结束，此次解析直到时间2019-12-28 11:11:31.883
[2020-01-06 09:47:58:599927] info 0 Job1 解析F02_TFYBLJ数据开始，此次解析开始时间2004/4/8 8:00:00
[2020-01-06 09:48:09:665096] info 0 Job1 解析F02_TFYBLJ数据结束，此次解析直到时间2019-12-28 23:02:48.093
[2020-01-06 09:48:21:951598] info 0 Job1 *************************解密服务结束*************************
